<?xml version="1.0" encoding="UTF-8"?>
<!-- Generated by org.testng.reporters.JUnitXMLReporter -->
<testsuite hostname="nitin-PC" ignored="0" name="Test" tests="3" failures="0" timestamp="2022-04-14T18:34:09 IST" time="100.954" errors="0">
  <testcase name="@AfterMethod tearDownmethod" time="6.479" classname="Com.sauceDemo.Testclass.TC01Loginfuncprac01">
    <failure type="java.lang.NullPointerException">
      <![CDATA[java.lang.NullPointerException
at Com.sauceDemo.POMClass.Homepage.clickMenuButton(Homepage.java:60)
at Com.sauceDemo.Testclass.TC01Loginfuncprac01.tearDownmethod(TC01Loginfuncprac01.java:71)
at java.util.ArrayList.forEach(Unknown Source)
... Removed 32 stack frames]]>
    </failure>
  </testcase> <!-- @AfterMethod tearDownmethod -->
  <testcase name="method1" time="0.045" classname="Com.sauceDemo.Testclass.TestNG"/>
  <testcase name="verifiyloginfunctionality" time="0.004" classname="POMsaucedemopractice.TestNG1"/>
  <testcase name="verifiyloginfunctionality" time="0.023" classname="Com.sauceDemo.Testclass.TC01Loginfuncprac01"/>
</testsuite> <!-- Test -->
